[debug] [2025-10-17T19:29:06.292Z] ----------------------------------------------------------------------
[debug] [2025-10-17T19:29:06.295Z] Command:       /home/ricardodelphino/.asdf/installs/nodejs/23.3.0/bin/node /home/ricardodelphino/.asdf/installs/nodejs/23.3.0/bin/firebase init hosting
[debug] [2025-10-17T19:29:06.295Z] CLI Version:   14.19.1
[debug] [2025-10-17T19:29:06.295Z] Platform:      linux
[debug] [2025-10-17T19:29:06.295Z] Node Version:  v23.3.0
[debug] [2025-10-17T19:29:06.296Z] Time:          Fri Oct 17 2025 16:29:06 GMT-0300 (Horário Padrão de Brasília)
[debug] [2025-10-17T19:29:06.296Z] ----------------------------------------------------------------------
[debug] 
[info] 
     ######## #### ########  ######## ########     ###     ######  ########
     ##        ##  ##     ## ##       ##     ##  ##   ##  ##       ##
     ######    ##  ########  ######   ########  #########  ######  ######
     ##        ##  ##    ##  ##       ##     ## ##     ##       ## ##
     ##       #### ##     ## ######## ########  ##     ##  ######  ########

You're about to initialize a Firebase project in this directory:

  /home/ricardodelphino/www/landing-page-karaoke

[info] 
=== Project Setup
[info] 
[info] First, let's associate this project directory with a Firebase project.
[info] You can create multiple project aliases by running firebase use --add, 
[info] 
[debug] [2025-10-17T19:29:08.112Z] > command requires scopes: ["email","openid","https://www.googleapis.com/auth/cloudplatformprojects.readonly","https://www.googleapis.com/auth/firebase","https://www.googleapis.com/auth/cloud-platform"]
[debug] [2025-10-17T19:29:08.113Z] > authorizing via signed-in user (radelphino@gmail.com)
[debug] [2025-10-17T19:29:08.114Z] Checked if tokens are valid: true, expires at: 1760730430395
[debug] [2025-10-17T19:29:08.114Z] Checked if tokens are valid: true, expires at: 1760730430395
[debug] [2025-10-17T19:29:08.115Z] >>> [apiv2][query] GET https://firebase.googleapis.com/v1beta1/projects pageSize=100
[debug] [2025-10-17T19:29:09.594Z] <<< [apiv2][status] GET https://firebase.googleapis.com/v1beta1/projects 200
[debug] [2025-10-17T19:29:09.595Z] <<< [apiv2][body] GET https://firebase.googleapis.com/v1beta1/projects [omitted]
[info] 
=== Hosting Setup
[debug] [2025-10-17T19:29:19.935Z] Checked if tokens are valid: true, expires at: 1760730430395
[debug] [2025-10-17T19:29:19.935Z] Checked if tokens are valid: true, expires at: 1760730430395
[debug] [2025-10-17T19:29:19.935Z] >>> [apiv2][query] GET https://firebase.googleapis.com/v1beta1/projects/karaokemanager-188aa [none]
[debug] [2025-10-17T19:29:20.641Z] <<< [apiv2][status] GET https://firebase.googleapis.com/v1beta1/projects/karaokemanager-188aa 200
[debug] [2025-10-17T19:29:20.641Z] <<< [apiv2][body] GET https://firebase.googleapis.com/v1beta1/projects/karaokemanager-188aa {"projectId":"karaokemanager-188aa","projectNumber":"678417060071","displayName":"karaokemanager","name":"projects/karaokemanager-188aa","resources":{"hostingSite":"karaokemanager-188aa"},"state":"ACTIVE","etag":"1_aa6ae498-cf2b-46cf-836d-2ad4e1e1090d"}
[info] 
[info] Your public directory is the folder (relative to your project directory) that
[info] will contain Hosting assets to be uploaded with firebase deploy. If you
[info] have a build process for your assets, use your build's output directory.
[info] 
[debug] [2025-10-17T19:29:40.165Z] Error: EACCES: permission denied, open '//404.html'
    at Object.writeFileSync (node:fs:2345:20)
    at Object.createFileSync (/home/ricardodelphino/.asdf/installs/nodejs/23.3.0/lib/node_modules/firebase-tools/node_modules/fs-extra/lib/ensure/file.js:63:6)
    at Config.writeProjectFile (/home/ricardodelphino/.asdf/installs/nodejs/23.3.0/lib/node_modules/firebase-tools/lib/config.js:171:12)
    at Config.askWriteProjectFile (/home/ricardodelphino/.asdf/installs/nodejs/23.3.0/lib/node_modules/firebase-tools/lib/config.js:219:14)
    at async Object.doSetup (/home/ricardodelphino/.asdf/installs/nodejs/23.3.0/lib/node_modules/firebase-tools/lib/init/features/hosting/index.js:153:13)
    at async init (/home/ricardodelphino/.asdf/installs/nodejs/23.3.0/lib/node_modules/firebase-tools/lib/init/index.js:73:13)
    at async Command.initAction [as actionFn] (/home/ricardodelphino/.asdf/installs/nodejs/23.3.0/lib/node_modules/firebase-tools/lib/commands/init.js:219:5)
[error] 
[error] Error: An unexpected error has occurred.
[debug] [2025-10-17T19:30:23.949Z] ----------------------------------------------------------------------
[debug] [2025-10-17T19:30:23.951Z] Command:       /home/ricardodelphino/.asdf/installs/nodejs/23.3.0/bin/node /home/ricardodelphino/.asdf/installs/nodejs/23.3.0/bin/firebase init hosting
[debug] [2025-10-17T19:30:23.951Z] CLI Version:   14.20.0
[debug] [2025-10-17T19:30:23.951Z] Platform:      linux
[debug] [2025-10-17T19:30:23.951Z] Node Version:  v23.3.0
[debug] [2025-10-17T19:30:23.951Z] Time:          Fri Oct 17 2025 16:30:23 GMT-0300 (Horário Padrão de Brasília)
[debug] [2025-10-17T19:30:23.952Z] ----------------------------------------------------------------------
[debug] 
[info] 
     ######## #### ########  ######## ########     ###     ######  ########
     ##        ##  ##     ## ##       ##     ##  ##   ##  ##       ##
     ######    ##  ########  ######   ########  #########  ######  ######
     ##        ##  ##    ##  ##       ##     ## ##     ##       ## ##
     ##       #### ##     ## ######## ########  ##     ##  ######  ########

You're about to initialize a Firebase project in this directory:

  /home/ricardodelphino/www/landing-page-karaoke

[info] 
=== Project Setup
[info] 
[info] First, let's associate this project directory with a Firebase project.
[info] You can create multiple project aliases by running firebase use --add, 
[info] 
[debug] [2025-10-17T19:30:23.960Z] > command requires scopes: ["email","openid","https://www.googleapis.com/auth/cloudplatformprojects.readonly","https://www.googleapis.com/auth/firebase","https://www.googleapis.com/auth/cloud-platform"]
[debug] [2025-10-17T19:30:23.960Z] > authorizing via signed-in user (radelphino@gmail.com)
[debug] [2025-10-17T19:30:23.961Z] Checked if tokens are valid: true, expires at: 1760730430395
[debug] [2025-10-17T19:30:23.961Z] Checked if tokens are valid: true, expires at: 1760730430395
[debug] [2025-10-17T19:30:23.962Z] >>> [apiv2][query] GET https://firebase.googleapis.com/v1beta1/projects/karaokemanager-188aa [none]
[debug] [2025-10-17T19:30:24.954Z] <<< [apiv2][status] GET https://firebase.googleapis.com/v1beta1/projects/karaokemanager-188aa 200
[debug] [2025-10-17T19:30:24.954Z] <<< [apiv2][body] GET https://firebase.googleapis.com/v1beta1/projects/karaokemanager-188aa {"projectId":"karaokemanager-188aa","projectNumber":"678417060071","displayName":"karaokemanager","name":"projects/karaokemanager-188aa","resources":{"hostingSite":"karaokemanager-188aa"},"state":"ACTIVE","etag":"1_aa6ae498-cf2b-46cf-836d-2ad4e1e1090d"}
[info] i  Using project karaokemanager-188aa (karaokemanager) . 
[info] 
=== Hosting Setup
[debug] [2025-10-17T19:30:24.959Z] Checked if tokens are valid: true, expires at: 1760730430395
[debug] [2025-10-17T19:30:24.959Z] Checked if tokens are valid: true, expires at: 1760730430395
[debug] [2025-10-17T19:30:24.959Z] >>> [apiv2][query] GET https://firebase.googleapis.com/v1beta1/projects/karaokemanager-188aa [none]
[debug] [2025-10-17T19:30:25.358Z] <<< [apiv2][status] GET https://firebase.googleapis.com/v1beta1/projects/karaokemanager-188aa 200
[debug] [2025-10-17T19:30:25.358Z] <<< [apiv2][body] GET https://firebase.googleapis.com/v1beta1/projects/karaokemanager-188aa {"projectId":"karaokemanager-188aa","projectNumber":"678417060071","displayName":"karaokemanager","name":"projects/karaokemanager-188aa","resources":{"hostingSite":"karaokemanager-188aa"},"state":"ACTIVE","etag":"1_aa6ae498-cf2b-46cf-836d-2ad4e1e1090d"}
[info] 
[info] Your public directory is the folder (relative to your project directory) that
[info] will contain Hosting assets to be uploaded with firebase deploy. If you
[info] have a build process for your assets, use your build's output directory.
[info] 
[debug] [2025-10-17T19:30:36.998Z] Error: EACCES: permission denied, open '//404.html'
    at Object.writeFileSync (node:fs:2345:20)
    at Object.createFileSync (/home/ricardodelphino/.asdf/installs/nodejs/23.3.0/lib/node_modules/firebase-tools/node_modules/fs-extra/lib/ensure/file.js:63:6)
    at Config.writeProjectFile (/home/ricardodelphino/.asdf/installs/nodejs/23.3.0/lib/node_modules/firebase-tools/lib/config.js:171:12)
    at Config.askWriteProjectFile (/home/ricardodelphino/.asdf/installs/nodejs/23.3.0/lib/node_modules/firebase-tools/lib/config.js:219:14)
    at async Object.doSetup (/home/ricardodelphino/.asdf/installs/nodejs/23.3.0/lib/node_modules/firebase-tools/lib/init/features/hosting/index.js:153:13)
    at async init (/home/ricardodelphino/.asdf/installs/nodejs/23.3.0/lib/node_modules/firebase-tools/lib/init/index.js:73:13)
    at async Command.initAction [as actionFn] (/home/ricardodelphino/.asdf/installs/nodejs/23.3.0/lib/node_modules/firebase-tools/lib/commands/init.js:219:5)
[error] 
[error] Error: An unexpected error has occurred.
